\BOOKMARK [2][-]{section*.1}{\376\377\000P\000e\000r\000m\000u\000a\000t\000i\000o\000n\000s}{}% 1
\BOOKMARK [2][-]{section*.2}{\376\377\000B\000i\000n\000o\000m\000i\000a\000l\000\040\000C\000o\000e\000f\000f\000i\000c\000i\000e\000n\000t}{}% 2
\BOOKMARK [2][-]{section*.3}{\376\377\000S\000a\000m\000p\000l\000i\000n\000g\000\040\000T\000a\000b\000l\000e}{}% 3
\BOOKMARK [1][-]{section*.4}{\376\377\000I\000n\000t\000r\000o\000\040\000t\000o\000\040\000P\000r\000o\000b\000a\000b\000i\000l\000i\000t\000y}{}% 4
\BOOKMARK [2][-]{section*.5}{\376\377\000W\000h\000a\000t\000\040\000i\000s\000\040\000S\000t\000a\000t\000i\000s\000t\000i\000c\000s\000?}{section*.4}% 5
\BOOKMARK [2][-]{section*.6}{\376\377\000S\000a\000m\000p\000l\000e\000\040\000S\000p\000a\000c\000e\000s\000\040\000a\000n\000d\000\040\000E\000v\000e\000n\000t\000s}{section*.4}% 6
\BOOKMARK [2][-]{section*.7}{\376\377\000T\000e\000r\000m\000i\000n\000o\000l\000o\000g\000y}{section*.4}% 7
\BOOKMARK [2][-]{section*.8}{\376\377\000E\000x\000a\000m\000p\000l\000e\000s}{section*.4}% 8
\BOOKMARK [1][-]{section*.9}{\376\377\000A\000x\000i\000o\000m\000s\000\040\000o\000f\000\040\000P\000r\000o\000b\000a\000b\000i\000l\000i\000t\000y}{}% 9
\BOOKMARK [2][-]{section*.10}{\376\377\000W\000h\000a\000t\000\040\000i\000s\000\040\000P\000r\000o\000b\000a\000b\000i\000l\000i\000t\000y\000?}{section*.9}% 10
\BOOKMARK [2][-]{section*.11}{\376\377\000A\000x\000i\000o\000m\000s\000\040\000o\000f\000\040\000P\000r\000o\000b\000a\000b\000i\000l\000i\000t\000y}{section*.9}% 11
\BOOKMARK [2][-]{section*.12}{\376\377\000C\000o\000n\000s\000e\000q\000u\000e\000n\000c\000e\000s\000\040\000o\000f\000\040\000A\000x\000i\000o\000m\000s}{section*.9}% 12
\BOOKMARK [2][-]{section*.13}{\376\377\000E\000x\000a\000m\000p\000l\000e\000\040\0002\000\040\000n\000o\000t\000e\000s}{section*.9}% 13
\BOOKMARK [1][-]{section*.14}{\376\377\000C\000o\000u\000n\000t\000i\000n\000g\000:\000\040\000P\000e\000r\000m\000u\000t\000a\000t\000i\000o\000n\000s\000\040\000a\000n\000d\000\040\000C\000o\000m\000b\000i\000n\000a\000t\000i\000o\000n\000s}{}% 14
\BOOKMARK [2][-]{section*.15}{\376\377\000C\000o\000u\000n\000t\000i\000n\000g}{section*.14}% 15
\BOOKMARK [2][-]{section*.16}{\376\377\000P\000e\000r\000m\000u\000t\000a\000t\000i\000o\000n\000s}{section*.14}% 16
\BOOKMARK [3][-]{section*.17}{\376\377\000E\000x\000a\000m\000p\000l\000e}{section*.16}% 17
\BOOKMARK [2][-]{section*.18}{\376\377\000C\000o\000m\000b\000i\000n\000a\000t\000i\000o\000n\000s}{section*.14}% 18
\BOOKMARK [3][-]{section*.19}{\376\377\000E\000x\000a\000m\000p\000l\000e\000\040\000C\000o\000n\000t\000i\000n\000u\000e\000d}{section*.18}% 19
\BOOKMARK [2][-]{section*.20}{\376\377\000A\000n\000o\000t\000h\000e\000r\000\040\000E\000x\000a\000m\000p\000l\000e}{section*.14}% 20
\BOOKMARK [3][-]{section*.21}{\376\377\000L\000e\000a\000r\000n\000i\000n\000g\000\040\000p\000r\000o\000b\000a\000b\000i\000l\000i\000t\000y\000\040\000s\000i\000m\000u\000l\000a\000t\000i\000o\000n\000\040\000w\000i\000t\000h\000i\000n\000\040\000R}{section*.20}% 21
